<?xml version="1.0" encoding="UTF-8"?>
<!-- Generated by org.testng.reporters.JUnitXMLReporter -->
<testsuite ignored="0" hostname="CHMB123429.local" failures="0" tests="5" name="Default test" time="56.138" errors="0" timestamp="2021-12-17T12:28:23 IST">
  <testcase classname="package1.TestNG" name="browserSetup" time="13.194"/>
  <testcase classname="package1.TestNG" name="performActions" time="13.6"/>
  <testcase classname="package1.TestNG" name="newWindow" time="7.911"/>
  <testcase classname="package1.TestNG" name="mouseOverAndClick" time="15.104"/>
  <testcase classname="package1.TestNG" name="iFrameHandle" time="6.26"/>
</testsuite> <!-- Default test -->
