<?xml version="1.0" encoding="UTF-8"?>
<testng-results ignored="0" total="5" passed="5" failed="0" skipped="0">
  <reporter-output>
  </reporter-output>
  <suite started-at="2021-12-17T12:27:27 IST" name="Default suite" finished-at="2021-12-17T12:28:23 IST" duration-ms="56138">
    <groups>
    </groups>
    <test started-at="2021-12-17T12:27:27 IST" name="Default test" finished-at="2021-12-17T12:28:23 IST" duration-ms="56138">
      <class name="package1.TestNG">
        <test-method is-config="true" signature="beforeSuite()[pri:0, instance:package1.TestNG@59505b48]" started-at="2021-12-17T12:27:27 IST" name="beforeSuite" finished-at="2021-12-17T12:27:27 IST" duration-ms="262" status="PASS">
          <reporter-output>
          </reporter-output>
        </test-method> <!-- beforeSuite -->
        <test-method signature="browserSetup()[pri:1, instance:package1.TestNG@59505b48]" started-at="2021-12-17T12:27:27 IST" name="browserSetup" finished-at="2021-12-17T12:27:40 IST" duration-ms="13194" status="PASS">
          <reporter-output>
          </reporter-output>
        </test-method> <!-- browserSetup -->
        <test-method signature="performActions()[pri:2, instance:package1.TestNG@59505b48]" started-at="2021-12-17T12:27:40 IST" name="performActions" finished-at="2021-12-17T12:27:54 IST" depends-on-methods="package1.TestNG.browserSetup" duration-ms="13600" status="PASS">
          <reporter-output>
          </reporter-output>
        </test-method> <!-- performActions -->
        <test-method signature="newWindow()[pri:3, instance:package1.TestNG@59505b48]" started-at="2021-12-17T12:27:54 IST" name="newWindow" finished-at="2021-12-17T12:28:02 IST" duration-ms="7911" status="PASS">
          <reporter-output>
          </reporter-output>
        </test-method> <!-- newWindow -->
        <test-method signature="mouseOverAndClick()[pri:4, instance:package1.TestNG@59505b48]" started-at="2021-12-17T12:28:02 IST" name="mouseOverAndClick" finished-at="2021-12-17T12:28:17 IST" duration-ms="15104" status="PASS">
          <reporter-output>
          </reporter-output>
        </test-method> <!-- mouseOverAndClick -->
        <test-method signature="iFrameHandle()[pri:5, instance:package1.TestNG@59505b48]" started-at="2021-12-17T12:28:17 IST" name="iFrameHandle" finished-at="2021-12-17T12:28:23 IST" duration-ms="6260" status="PASS">
          <reporter-output>
          </reporter-output>
        </test-method> <!-- iFrameHandle -->
        <test-method is-config="true" signature="afterSuite()[pri:0, instance:package1.TestNG@59505b48]" started-at="2021-12-17T12:28:23 IST" name="afterSuite" finished-at="2021-12-17T12:28:24 IST" duration-ms="766" status="PASS">
          <reporter-output>
          </reporter-output>
        </test-method> <!-- afterSuite -->
      </class> <!-- package1.TestNG -->
    </test> <!-- Default test -->
  </suite> <!-- Default suite -->
</testng-results>
